2021-11-30 21:36:39 [scrapy.utils.log] INFO: Scrapy 2.0.0 started (bot: Bookfere)
2021-11-30 21:36:39 [scrapy.utils.log] INFO: Versions: lxml 4.5.0.0, libxml2 2.9.10, cssselect 1.1.0, parsel 1.5.2, w3lib 1.21.0, Twisted 19.10.0, Python 3.6.9 (default, Nov  7 2019, 10:44:02) - [GCC 8.3.0], pyOpenSSL 19.1.0 (OpenSSL 1.1.1  11 Sep 2018), cryptography 2.1.4, Platform Linux-4.18.0-15-generic-x86_64-with-Ubuntu-18.04-bionic
2021-11-30 21:36:39 [scrapy.crawler] INFO: Overridden settings:
{'BOT_NAME': 'Bookfere',
 'COOKIES_ENABLED': False,
 'DOWNLOAD_DELAY': 2,
 'FEED_EXPORT_ENCODING': 'utf-8',
 'LOG_FILE': 'bookfere.log',
 'LOG_LEVEL': 'INFO',
 'NEWSPIDER_MODULE': 'Bookfere.spiders',
 'SPIDER_MODULES': ['Bookfere.spiders']}
2021-11-30 21:36:39 [scrapy.extensions.telnet] INFO: Telnet Password: 5d8049afd7253833
2021-11-30 21:36:40 [scrapy.middleware] INFO: Enabled extensions:
['scrapy.extensions.corestats.CoreStats',
 'scrapy.extensions.telnet.TelnetConsole',
 'scrapy.extensions.memusage.MemoryUsage',
 'scrapy.extensions.logstats.LogStats']
2021-11-30 21:36:40 [scrapy.middleware] INFO: Enabled downloader middlewares:
['scrapy.downloadermiddlewares.httpauth.HttpAuthMiddleware',
 'scrapy.downloadermiddlewares.downloadtimeout.DownloadTimeoutMiddleware',
 'scrapy.downloadermiddlewares.defaultheaders.DefaultHeadersMiddleware',
 'scrapy.downloadermiddlewares.useragent.UserAgentMiddleware',
 'scrapy.downloadermiddlewares.retry.RetryMiddleware',
 'scrapy.downloadermiddlewares.redirect.MetaRefreshMiddleware',
 'scrapy.downloadermiddlewares.httpcompression.HttpCompressionMiddleware',
 'scrapy.downloadermiddlewares.redirect.RedirectMiddleware',
 'scrapy.downloadermiddlewares.httpproxy.HttpProxyMiddleware',
 'scrapy.downloadermiddlewares.stats.DownloaderStats']
2021-11-30 21:36:40 [scrapy.middleware] INFO: Enabled spider middlewares:
['scrapy.spidermiddlewares.httperror.HttpErrorMiddleware',
 'scrapy.spidermiddlewares.offsite.OffsiteMiddleware',
 'scrapy.spidermiddlewares.referer.RefererMiddleware',
 'scrapy.spidermiddlewares.urllength.UrlLengthMiddleware',
 'scrapy.spidermiddlewares.depth.DepthMiddleware']
2021-11-30 21:36:41 [scrapy.middleware] INFO: Enabled item pipelines:
['Bookfere.pipelines.BookferePipeline']
2021-11-30 21:36:41 [scrapy.core.engine] INFO: Spider opened
2021-11-30 21:36:42 [scrapy.extensions.logstats] INFO: Crawled 0 pages (at 0 pages/min), scraped 0 items (at 0 items/min)
2021-11-30 21:36:42 [scrapy.extensions.telnet] INFO: Telnet console listening on 127.0.0.1:6023
2021-11-30 21:36:56 [scrapy.core.engine] INFO: Closing spider (finished)
2021-11-30 21:36:56 [scrapy.statscollectors] INFO: Dumping Scrapy stats:
{'downloader/request_bytes': 3275,
 'downloader/request_count': 6,
 'downloader/request_method_count/GET': 6,
 'downloader/response_bytes': 53261,
 'downloader/response_count': 6,
 'downloader/response_status_count/200': 5,
 'downloader/response_status_count/301': 1,
 'elapsed_time_seconds': 14.043764,
 'finish_reason': 'finished',
 'finish_time': datetime.datetime(2021, 11, 30, 13, 36, 56, 56883),
 'item_scraped_count': 60,
 'log_count/INFO': 10,
 'memusage/max': 1105960960,
 'memusage/startup': 1105960960,
 'response_received_count': 5,
 'scheduler/dequeued': 6,
 'scheduler/dequeued/memory': 6,
 'scheduler/enqueued': 6,
 'scheduler/enqueued/memory': 6,
 'start_time': datetime.datetime(2021, 11, 30, 13, 36, 42, 13119)}
2021-11-30 21:36:56 [scrapy.core.engine] INFO: Spider closed (finished)
